<?xml version="1.0" encoding="UTF-8"?>
<!-- Generated by org.testng.reporters.JUnitReportReporter -->
<testsuite hostname="Rakesh*con-FVFH37SMQ05N" failures="0" tests="1" name="com.browserstack.BrowserStackDemoAppTest" time="66.022" errors="0" timestamp="2023-04-22T02:09:14 IST" skipped="0">
  <testcase classname="com.browserstack.BrowserStackDemoAppTest" name="test" time="66.022"/>
  <system-out/>
</testsuite> <!-- com.browserstack.BrowserStackDemoAppTest -->
